\BOOKMARK [0][-]{part.1}{\376\377\000I\000\040\000A\000r\000i\000t\000h\000m\000e\000t\000i\000c\000a\000l\000\040\000F\000o\000u\000n\000d\000a\000t\000i\000o\000n\000s}{}% 1
\BOOKMARK [1][-]{section.1}{\376\377\000N\000u\000m\000b\000e\000r\000s\000\040\000a\000n\000d\000\040\000t\000h\000e\000\040\000N\000u\000m\000b\000e\000r\000\040\000S\000y\000s\000t\000e\000m}{part.1}% 2
\BOOKMARK [2][-]{subsection.1.1}{\376\377\000N\000a\000t\000u\000r\000a\000l\000,\000\040\000i\000n\000t\000e\000g\000e\000r\000,\000\040\000r\000a\000t\000i\000o\000n\000a\000l\000,\000\040\000r\000e\000a\000l\000\040\000n\000u\000m\000b\000e\000r\000s}{section.1}% 3
\BOOKMARK [2][-]{subsection.1.2}{\376\377\000P\000r\000i\000m\000e\000s\000,\000\040\000f\000a\000c\000t\000o\000r\000s\000,\000\040\000H\000C\000F\000/\000L\000C\000M}{section.1}% 4
\BOOKMARK [2][-]{subsection.1.3}{\376\377\000S\000t\000a\000n\000d\000a\000r\000d\000\040\000f\000o\000r\000m\000\040\000a\000n\000d\000\040\000e\000s\000t\000i\000m\000a\000t\000i\000o\000n}{section.1}% 5
\BOOKMARK [1][-]{section.2}{\376\377\000F\000r\000a\000c\000t\000i\000o\000n\000s\000,\000\040\000D\000e\000c\000i\000m\000a\000l\000s\000,\000\040\000P\000e\000r\000c\000e\000n\000t\000a\000g\000e\000s}{part.1}% 6
\BOOKMARK [2][-]{subsection.2.1}{\376\377\000E\000q\000u\000i\000v\000a\000l\000e\000n\000t\000\040\000f\000r\000a\000c\000t\000i\000o\000n\000s\000\040\000a\000n\000d\000\040\000o\000p\000e\000r\000a\000t\000i\000o\000n\000s}{section.2}% 7
\BOOKMARK [2][-]{subsection.2.2}{\376\377\000P\000e\000r\000c\000e\000n\000t\000a\000g\000e\000\040\000c\000h\000a\000n\000g\000e\000,\000\040\000p\000r\000o\000f\000i\000t\000\040\000a\000n\000d\000\040\000l\000o\000s\000s}{section.2}% 8
\BOOKMARK [2][-]{subsection.2.3}{\376\377\000R\000e\000v\000e\000r\000s\000e\000\040\000p\000e\000r\000c\000e\000n\000t\000a\000g\000e\000\040\000p\000r\000o\000b\000l\000e\000m\000s}{section.2}% 9
\BOOKMARK [1][-]{section.3}{\376\377\000R\000a\000t\000i\000o\000,\000\040\000R\000a\000t\000e\000,\000\040\000a\000n\000d\000\040\000P\000r\000o\000p\000o\000r\000t\000i\000o\000n}{part.1}% 10
\BOOKMARK [2][-]{subsection.3.1}{\376\377\000P\000a\000r\000t\000-\000w\000h\000o\000l\000e\000\040\000a\000n\000d\000\040\000p\000a\000r\000t\000-\000p\000a\000r\000t\000\040\000r\000a\000t\000i\000o\000s}{section.3}% 11
\BOOKMARK [2][-]{subsection.3.2}{\376\377\000S\000p\000e\000e\000d\000,\000\040\000d\000i\000s\000t\000a\000n\000c\000e\000,\000\040\000t\000i\000m\000e}{section.3}% 12
\BOOKMARK [2][-]{subsection.3.3}{\376\377\000D\000i\000r\000e\000c\000t\000\040\000a\000n\000d\000\040\000i\000n\000v\000e\000r\000s\000e\000\040\000p\000r\000o\000p\000o\000r\000t\000i\000o\000n}{section.3}% 13
\BOOKMARK [1][-]{section.4}{\376\377\000B\000a\000s\000i\000c\000\040\000G\000e\000o\000m\000e\000t\000r\000y\000\040\000a\000n\000d\000\040\000M\000e\000n\000s\000u\000r\000a\000t\000i\000o\000n}{part.1}% 14
\BOOKMARK [2][-]{subsection.4.1}{\376\377\000A\000n\000g\000l\000e\000s\000:\000\040\000c\000o\000m\000p\000l\000e\000m\000e\000n\000t\000a\000r\000y\000,\000\040\000s\000u\000p\000p\000l\000e\000m\000e\000n\000t\000a\000r\000y\000,\000\040\000v\000e\000r\000t\000i\000c\000a\000l\000l\000y\000\040\000o\000p\000p\000o\000s\000i\000t\000e}{section.4}% 15
\BOOKMARK [2][-]{subsection.4.2}{\376\377\000A\000r\000e\000a\000\040\000a\000n\000d\000\040\000p\000e\000r\000i\000m\000e\000t\000e\000r\000\040\000o\000f\000\040\0002\000D\000\040\000s\000h\000a\000p\000e\000s}{section.4}% 16
\BOOKMARK [2][-]{subsection.4.3}{\376\377\000V\000o\000l\000u\000m\000e\000\040\000a\000n\000d\000\040\000s\000u\000r\000f\000a\000c\000e\000\040\000a\000r\000e\000a\000\040\000o\000f\000\040\0003\000D\000\040\000s\000o\000l\000i\000d\000s}{section.4}% 17
\BOOKMARK [1][-]{section.5}{\376\377\000D\000a\000t\000a\000\040\000H\000a\000n\000d\000l\000i\000n\000g}{part.1}% 18
\BOOKMARK [2][-]{subsection.5.1}{\376\377\000M\000e\000a\000n\000,\000\040\000m\000e\000d\000i\000a\000n\000,\000\040\000m\000o\000d\000e}{section.5}% 19
\BOOKMARK [2][-]{subsection.5.2}{\376\377\000T\000a\000b\000l\000e\000s\000,\000\040\000b\000a\000r\000\040\000c\000h\000a\000r\000t\000s\000,\000\040\000l\000i\000n\000e\000\040\000g\000r\000a\000p\000h\000s\000,\000\040\000p\000i\000e\000\040\000c\000h\000a\000r\000t\000s}{section.5}% 20
\BOOKMARK [2][-]{subsection.5.3}{\376\377\000I\000n\000t\000e\000r\000p\000r\000e\000t\000a\000t\000i\000o\000n\000\040\000a\000n\000d\000\040\000p\000r\000o\000b\000l\000e\000m\000\040\000s\000o\000l\000v\000i\000n\000g}{section.5}% 21
\BOOKMARK [0][-]{part.2}{\376\377\000I\000I\000\040\000O\000-\000L\000e\000v\000e\000l\000\040\000E\000l\000e\000m\000e\000n\000t\000a\000r\000y\000\040\000M\000a\000t\000h\000e\000m\000a\000t\000i\000c\000s}{}% 22
\BOOKMARK [1][-]{section.6}{\376\377\000A\000l\000g\000e\000b\000r\000a\000i\000c\000\040\000M\000a\000n\000i\000p\000u\000l\000a\000t\000i\000o\000n}{part.2}% 23
\BOOKMARK [2][-]{subsection.6.1}{\376\377\000E\000x\000p\000a\000n\000s\000i\000o\000n\000\040\000a\000n\000d\000\040\000f\000a\000c\000t\000o\000r\000i\000s\000a\000t\000i\000o\000n}{section.6}% 24
\BOOKMARK [2][-]{subsection.6.2}{\376\377\000Q\000u\000a\000d\000r\000a\000t\000i\000c\000\040\000e\000x\000p\000r\000e\000s\000s\000i\000o\000n\000s\000\040\000a\000n\000d\000\040\000e\000q\000u\000a\000t\000i\000o\000n\000s}{section.6}% 25
\BOOKMARK [2][-]{subsection.6.3}{\376\377\000A\000l\000g\000e\000b\000r\000a\000i\000c\000\040\000f\000r\000a\000c\000t\000i\000o\000n\000s\000\040\000a\000n\000d\000\040\000s\000u\000r\000d\000s}{section.6}% 26
\BOOKMARK [1][-]{section.7}{\376\377\000F\000u\000n\000c\000t\000i\000o\000n\000s\000\040\000a\000n\000d\000\040\000G\000r\000a\000p\000h\000s}{part.2}% 27
\BOOKMARK [2][-]{subsection.7.1}{\376\377\000L\000i\000n\000e\000a\000r\000,\000\040\000q\000u\000a\000d\000r\000a\000t\000i\000c\000,\000\040\000c\000u\000b\000i\000c\000,\000\040\000r\000e\000c\000i\000p\000r\000o\000c\000a\000l}{section.7}% 28
\BOOKMARK [2][-]{subsection.7.2}{\376\377\000E\000x\000p\000o\000n\000e\000n\000t\000i\000a\000l\000\040\000a\000n\000d\000\040\000m\000o\000d\000u\000l\000u\000s\000\040\000g\000r\000a\000p\000h\000s}{section.7}% 29
\BOOKMARK [2][-]{subsection.7.3}{\376\377\000S\000k\000e\000t\000c\000h\000i\000n\000g\000\040\000a\000n\000d\000\040\000t\000r\000a\000n\000s\000f\000o\000r\000m\000a\000t\000i\000o\000n}{section.7}% 30
\BOOKMARK [1][-]{section.8}{\376\377\000C\000o\000o\000r\000d\000i\000n\000a\000t\000e\000\040\000G\000e\000o\000m\000e\000t\000r\000y}{part.2}% 31
\BOOKMARK [2][-]{subsection.8.1}{\376\377\000G\000r\000a\000d\000i\000e\000n\000t\000\040\000a\000n\000d\000\040\000i\000n\000t\000e\000r\000c\000e\000p\000t\000\040\000f\000o\000r\000m}{section.8}% 32
\BOOKMARK [2][-]{subsection.8.2}{\376\377\000D\000i\000s\000t\000a\000n\000c\000e\000,\000\040\000m\000i\000d\000p\000o\000i\000n\000t\000,\000\040\000p\000e\000r\000p\000e\000n\000d\000i\000c\000u\000l\000a\000r\000\040\000b\000i\000s\000e\000c\000t\000o\000r}{section.8}% 33
\BOOKMARK [2][-]{subsection.8.3}{\376\377\000C\000o\000l\000l\000i\000n\000e\000a\000r\000i\000t\000y}{section.8}% 34
\BOOKMARK [1][-]{section.9}{\376\377\000T\000r\000i\000g\000o\000n\000o\000m\000e\000t\000r\000y}{part.2}% 35
\BOOKMARK [2][-]{subsection.9.1}{\376\377\000R\000i\000g\000h\000t\000-\000a\000n\000g\000l\000e\000d\000\040\000t\000r\000i\000a\000n\000g\000l\000e\000s\000,\000\040\000S\000O\000H\000-\000C\000A\000H\000-\000T\000O\000A}{section.9}% 36
\BOOKMARK [2][-]{subsection.9.2}{\376\377\000S\000i\000n\000e\000\040\000a\000n\000d\000\040\000c\000o\000s\000i\000n\000e\000\040\000r\000u\000l\000e}{section.9}% 37
\BOOKMARK [2][-]{subsection.9.3}{\376\377\000A\000n\000g\000l\000e\000s\000\040\000o\000f\000\040\000e\000l\000e\000v\000a\000t\000i\000o\000n\000\040\000a\000n\000d\000\040\000d\000e\000p\000r\000e\000s\000s\000i\000o\000n}{section.9}% 38
\BOOKMARK [1][-]{section.10}{\376\377\000S\000t\000a\000t\000i\000s\000t\000i\000c\000s\000\040\000a\000n\000d\000\040\000P\000r\000o\000b\000a\000b\000i\000l\000i\000t\000y}{part.2}% 39
\BOOKMARK [2][-]{subsection.10.1}{\376\377\000F\000r\000e\000q\000u\000e\000n\000c\000y\000\040\000t\000a\000b\000l\000e\000s\000,\000\040\000c\000u\000m\000u\000l\000a\000t\000i\000v\000e\000\040\000f\000r\000e\000q\000u\000e\000n\000c\000y\000,\000\040\000b\000o\000x\000\040\000p\000l\000o\000t\000s}{section.10}% 40
\BOOKMARK [2][-]{subsection.10.2}{\376\377\000M\000e\000a\000n\000,\000\040\000v\000a\000r\000i\000a\000n\000c\000e\000\040\000f\000r\000o\000m\000\040\000g\000r\000o\000u\000p\000e\000d\000\040\000d\000a\000t\000a}{section.10}% 41
\BOOKMARK [2][-]{subsection.10.3}{\376\377\000C\000l\000a\000s\000s\000i\000c\000a\000l\000\040\000p\000r\000o\000b\000a\000b\000i\000l\000i\000t\000y\000,\000\040\000t\000r\000e\000e\000\040\000d\000i\000a\000g\000r\000a\000m\000s\000,\000\040\000V\000e\000n\000n\000\040\000d\000i\000a\000g\000r\000a\000m\000s}{section.10}% 42
\BOOKMARK [1][-]{section.11}{\376\377\000M\000e\000n\000s\000u\000r\000a\000t\000i\000o\000n}{part.2}% 43
\BOOKMARK [2][-]{subsection.11.1}{\376\377\000A\000r\000c\000\040\000l\000e\000n\000g\000t\000h\000,\000\040\000s\000e\000c\000t\000o\000r\000\040\000a\000r\000e\000a\000,\000\040\000s\000e\000g\000m\000e\000n\000t}{section.11}% 44
\BOOKMARK [2][-]{subsection.11.2}{\376\377\000P\000y\000r\000a\000m\000i\000d\000,\000\040\000c\000o\000n\000e\000,\000\040\000s\000p\000h\000e\000r\000e\000\040\000v\000o\000l\000u\000m\000e\000s}{section.11}% 45
\BOOKMARK [2][-]{subsection.11.3}{\376\377\000C\000o\000m\000p\000o\000s\000i\000t\000e\000\040\000s\000o\000l\000i\000d\000s}{section.11}% 46
\BOOKMARK [0][-]{part.3}{\376\377\000I\000I\000I\000\040\000O\000-\000L\000e\000v\000e\000l\000\040\000A\000d\000d\000i\000t\000i\000o\000n\000a\000l\000\040\000M\000a\000t\000h\000e\000m\000a\000t\000i\000c\000s}{}% 47
\BOOKMARK [1][-]{section.12}{\376\377\000P\000o\000l\000y\000n\000o\000m\000i\000a\000l\000s}{part.3}% 48
\BOOKMARK [2][-]{subsection.12.1}{\376\377\000R\000e\000m\000a\000i\000n\000d\000e\000r\000\040\000a\000n\000d\000\040\000f\000a\000c\000t\000o\000r\000\040\000t\000h\000e\000o\000r\000e\000m\000s}{section.12}% 49
\BOOKMARK [2][-]{subsection.12.2}{\376\377\000C\000u\000b\000i\000c\000\040\000f\000a\000c\000t\000o\000r\000i\000s\000a\000t\000i\000o\000n}{section.12}% 50
\BOOKMARK [2][-]{subsection.12.3}{\376\377\000P\000a\000r\000t\000i\000a\000l\000\040\000f\000r\000a\000c\000t\000i\000o\000n\000s}{section.12}% 51
\BOOKMARK [1][-]{section.13}{\376\377\000E\000x\000p\000o\000n\000e\000n\000t\000i\000a\000l\000\040\000a\000n\000d\000\040\000L\000o\000g\000a\000r\000i\000t\000h\000m\000i\000c\000\040\000F\000u\000n\000c\000t\000i\000o\000n\000s}{part.3}% 52
\BOOKMARK [2][-]{subsection.13.1}{\376\377\000L\000a\000w\000s\000\040\000o\000f\000\040\000l\000o\000g\000a\000r\000i\000t\000h\000m\000s}{section.13}% 53
\BOOKMARK [2][-]{subsection.13.2}{\376\377\000E\000q\000u\000a\000t\000i\000o\000n\000s\000\040\000a\000n\000d\000\040\000i\000n\000e\000q\000u\000a\000l\000i\000t\000i\000e\000s}{section.13}% 54
\BOOKMARK [2][-]{subsection.13.3}{\376\377\000G\000r\000a\000p\000h\000s\000\040\000a\000n\000d\000\040\000m\000o\000d\000e\000l\000l\000i\000n\000g}{section.13}% 55
\BOOKMARK [1][-]{section.14}{\376\377\000T\000r\000i\000g\000o\000n\000o\000m\000e\000t\000r\000y\000\040\000\050\000A\000d\000v\000a\000n\000c\000e\000d\000\051}{part.3}% 56
\BOOKMARK [2][-]{subsection.14.1}{\376\377\000C\000o\000m\000p\000o\000u\000n\000d\000\040\000a\000n\000d\000\040\000d\000o\000u\000b\000l\000e\000\040\000a\000n\000g\000l\000e\000\040\000f\000o\000r\000m\000u\000l\000a\000e}{section.14}% 57
\BOOKMARK [2][-]{subsection.14.2}{\376\377\000R\000-\000f\000o\000r\000m\000u\000l\000a}{section.14}% 58
\BOOKMARK [2][-]{subsection.14.3}{\376\377\000G\000e\000n\000e\000r\000a\000l\000\040\000s\000o\000l\000u\000t\000i\000o\000n\000s\000\040\000a\000n\000d\000\040\000g\000r\000a\000p\000h\000s}{section.14}% 59
\BOOKMARK [1][-]{section.15}{\376\377\000C\000o\000o\000r\000d\000i\000n\000a\000t\000e\000\040\000G\000e\000o\000m\000e\000t\000r\000y\000\040\000\050\000A\000d\000v\000a\000n\000c\000e\000d\000\051}{part.3}% 60
\BOOKMARK [2][-]{subsection.15.1}{\376\377\000C\000i\000r\000c\000l\000e\000s\000:\000\040\000g\000e\000n\000e\000r\000a\000l\000\040\000a\000n\000d\000\040\000s\000t\000a\000n\000d\000a\000r\000d\000\040\000f\000o\000r\000m}{section.15}% 61
\BOOKMARK [2][-]{subsection.15.2}{\376\377\000P\000o\000i\000n\000t\000s\000\040\000o\000f\000\040\000i\000n\000t\000e\000r\000s\000e\000c\000t\000i\000o\000n\000,\000\040\000t\000a\000n\000g\000e\000n\000t\000\040\000a\000n\000d\000\040\000n\000o\000r\000m\000a\000l}{section.15}% 62
\BOOKMARK [2][-]{subsection.15.3}{\376\377\000I\000n\000t\000r\000o\000d\000u\000c\000t\000i\000o\000n\000\040\000t\000o\000\040\000c\000o\000n\000i\000c\000s}{section.15}% 63
\BOOKMARK [1][-]{section.16}{\376\377\000B\000i\000n\000o\000m\000i\000a\000l\000\040\000T\000h\000e\000o\000r\000e\000m}{part.3}% 64
\BOOKMARK [2][-]{subsection.16.1}{\376\377\000B\000i\000n\000o\000m\000i\000a\000l\000\040\000e\000x\000p\000a\000n\000s\000i\000o\000n\000\040\000f\000o\000r\000\040\000p\000o\000s\000i\000t\000i\000v\000e\000\040\000i\000n\000t\000e\000g\000e\000r\000s}{section.16}% 65
\BOOKMARK [2][-]{subsection.16.2}{\376\377\000G\000e\000n\000e\000r\000a\000l\000\040\000t\000e\000r\000m\000\040\000a\000n\000d\000\040\000c\000o\000e\000f\000f\000i\000c\000i\000e\000n\000t\000\040\000f\000i\000n\000d\000i\000n\000g}{section.16}% 66
\BOOKMARK [2][-]{subsection.16.3}{\376\377\000A\000p\000p\000l\000i\000c\000a\000t\000i\000o\000n\000s\000\040\000a\000n\000d\000\040\000a\000p\000p\000r\000o\000x\000i\000m\000a\000t\000i\000o\000n\000s}{section.16}% 67
\BOOKMARK [1][-]{section.17}{\376\377\000I\000n\000t\000r\000o\000d\000u\000c\000t\000o\000r\000y\000\040\000C\000a\000l\000c\000u\000l\000u\000s}{part.3}% 68
\BOOKMARK [2][-]{subsection.17.1}{\376\377\000D\000i\000f\000f\000e\000r\000e\000n\000t\000i\000a\000t\000i\000o\000n\000:\000\040\000p\000r\000o\000d\000u\000c\000t\000,\000\040\000q\000u\000o\000t\000i\000e\000n\000t\000,\000\040\000c\000h\000a\000i\000n\000\040\000r\000u\000l\000e\000s}{section.17}% 69
\BOOKMARK [2][-]{subsection.17.2}{\376\377\000I\000n\000t\000e\000g\000r\000a\000t\000i\000o\000n\000\040\000a\000s\000\040\000a\000n\000t\000i\000-\000d\000i\000f\000f\000e\000r\000e\000n\000t\000i\000a\000t\000i\000o\000n}{section.17}% 70
\BOOKMARK [2][-]{subsection.17.3}{\376\377\000D\000e\000f\000i\000n\000i\000t\000e\000\040\000i\000n\000t\000e\000g\000r\000a\000l\000s\000\040\000a\000n\000d\000\040\000a\000r\000e\000a\000\040\000u\000n\000d\000e\000r\000\040\000c\000u\000r\000v\000e\000s}{section.17}% 71
\BOOKMARK [1][-]{section.18}{\376\377\000S\000e\000q\000u\000e\000n\000c\000e\000s\000\040\000a\000n\000d\000\040\000S\000e\000r\000i\000e\000s}{part.3}% 72
\BOOKMARK [2][-]{subsection.18.1}{\376\377\000A\000r\000i\000t\000h\000m\000e\000t\000i\000c\000\040\000a\000n\000d\000\040\000g\000e\000o\000m\000e\000t\000r\000i\000c\000\040\000p\000r\000o\000g\000r\000e\000s\000s\000i\000o\000n\000s}{section.18}% 73
\BOOKMARK [2][-]{subsection.18.2}{\376\377\000S\000u\000m\000\040\000t\000o\000\040\000i\000n\000f\000i\000n\000i\000t\000y\000\040\000o\000f\000\040\000G\000P}{section.18}% 74
\BOOKMARK [2][-]{subsection.18.3}{\376\377\000S\000i\000g\000m\000a\000\040\000n\000o\000t\000a\000t\000i\000o\000n}{section.18}% 75
\BOOKMARK [0][-]{part.4}{\376\377\000I\000V\000\040\000A\000-\000L\000e\000v\000e\000l\000\040\000H\0002\000\040\000M\000a\000t\000h\000e\000m\000a\000t\000i\000c\000s}{}% 76
\BOOKMARK [1][-]{section.19}{\376\377\000F\000u\000n\000c\000t\000i\000o\000n\000s}{part.4}% 77
\BOOKMARK [2][-]{subsection.19.1}{\376\377\000D\000o\000m\000a\000i\000n\000,\000\040\000r\000a\000n\000g\000e\000,\000\040\000i\000n\000v\000e\000r\000s\000e\000,\000\040\000c\000o\000m\000p\000o\000s\000i\000t\000e}{section.19}% 78
\BOOKMARK [2][-]{subsection.19.2}{\376\377\000O\000d\000d\000\040\000a\000n\000d\000\040\000e\000v\000e\000n\000\040\000f\000u\000n\000c\000t\000i\000o\000n\000s}{section.19}% 79
\BOOKMARK [2][-]{subsection.19.3}{\376\377\000M\000o\000d\000u\000l\000u\000s\000\040\000f\000u\000n\000c\000t\000i\000o\000n\000s\000\040\000a\000n\000d\000\040\000e\000q\000u\000a\000t\000i\000o\000n\000s}{section.19}% 80
\BOOKMARK [1][-]{section.20}{\376\377\000S\000e\000q\000u\000e\000n\000c\000e\000s\000\040\000a\000n\000d\000\040\000S\000e\000r\000i\000e\000s\000\040\000\050\000H\0002\000\051}{part.4}% 81
\BOOKMARK [2][-]{subsection.20.1}{\376\377\000M\000e\000t\000h\000o\000d\000\040\000o\000f\000\040\000d\000i\000f\000f\000e\000r\000e\000n\000c\000e\000s}{section.20}% 82
\BOOKMARK [2][-]{subsection.20.2}{\376\377\000C\000o\000n\000v\000e\000r\000g\000e\000n\000c\000e\000,\000\040\000l\000i\000m\000i\000t\000\040\000o\000f\000\040\000s\000u\000m}{section.20}% 83
\BOOKMARK [2][-]{subsection.20.3}{\376\377\000M\000a\000c\000l\000a\000u\000r\000i\000n\000\040\000a\000n\000d\000\040\000T\000a\000y\000l\000o\000r\000\040\000s\000e\000r\000i\000e\000s\000\040\000\050\000i\000n\000t\000r\000o\000\051}{section.20}% 84
\BOOKMARK [1][-]{section.21}{\376\377\000V\000e\000c\000t\000o\000r\000s}{part.4}% 85
\BOOKMARK [2][-]{subsection.21.1}{\376\377\0002\000D\000\040\000a\000n\000d\000\040\0003\000D\000\040\000v\000e\000c\000t\000o\000r\000s\000,\000\040\000d\000o\000t\000\040\000a\000n\000d\000\040\000c\000r\000o\000s\000s\000\040\000p\000r\000o\000d\000u\000c\000t}{section.21}% 86
\BOOKMARK [2][-]{subsection.21.2}{\376\377\000L\000i\000n\000e\000s\000\040\000a\000n\000d\000\040\000p\000l\000a\000n\000e\000s\000\040\000i\000n\000\040\0003\000D}{section.21}% 87
\BOOKMARK [2][-]{subsection.21.3}{\376\377\000D\000i\000s\000t\000a\000n\000c\000e\000s\000,\000\040\000i\000n\000t\000e\000r\000s\000e\000c\000t\000i\000o\000n\000s\000,\000\040\000a\000n\000g\000l\000e\000s}{section.21}% 88
\BOOKMARK [1][-]{section.22}{\376\377\000C\000o\000m\000p\000l\000e\000x\000\040\000N\000u\000m\000b\000e\000r\000s}{part.4}% 89
\BOOKMARK [2][-]{subsection.22.1}{\376\377\000C\000a\000r\000t\000e\000s\000i\000a\000n\000,\000\040\000p\000o\000l\000a\000r\000,\000\040\000a\000n\000d\000\040\000e\000x\000p\000o\000n\000e\000n\000t\000i\000a\000l\000\040\000f\000o\000r\000m\000s}{section.22}% 90
\BOOKMARK [2][-]{subsection.22.2}{\376\377\000L\000o\000c\000i\000\040\000i\000n\000\040\000t\000h\000e\000\040\000A\000r\000g\000a\000n\000d\000\040\000d\000i\000a\000g\000r\000a\000m}{section.22}% 91
\BOOKMARK [2][-]{subsection.22.3}{\376\377\000R\000o\000o\000t\000s\000\040\000o\000f\000\040\000u\000n\000i\000t\000y\000\040\000a\000n\000d\000\040\000d\000e\000\040\000M\000o\000i\000v\000r\000e\000'\000s\000\040\000t\000h\000e\000o\000r\000e\000m}{section.22}% 92
\BOOKMARK [1][-]{section.23}{\376\377\000C\000a\000l\000c\000u\000l\000u\000s\000\040\000\050\000H\0002\000\051}{part.4}% 93
\BOOKMARK [2][-]{subsection.23.1}{\376\377\000A\000d\000v\000a\000n\000c\000e\000d\000\040\000i\000n\000t\000e\000g\000r\000a\000t\000i\000o\000n\000\040\000t\000e\000c\000h\000n\000i\000q\000u\000e\000s}{section.23}% 94
\BOOKMARK [2][-]{subsection.23.2}{\376\377\000V\000o\000l\000u\000m\000e\000s\000\040\000o\000f\000\040\000r\000e\000v\000o\000l\000u\000t\000i\000o\000n}{section.23}% 95
\BOOKMARK [2][-]{subsection.23.3}{\376\377\000D\000i\000f\000f\000e\000r\000e\000n\000t\000i\000a\000l\000\040\000e\000q\000u\000a\000t\000i\000o\000n\000s\000:\000\040\000s\000e\000p\000a\000r\000a\000b\000l\000e\000,\000\040\000i\000n\000t\000e\000g\000r\000a\000t\000i\000n\000g\000\040\000f\000a\000c\000t\000o\000r}{section.23}% 96
\BOOKMARK [1][-]{section.24}{\376\377\000P\000e\000r\000m\000u\000t\000a\000t\000i\000o\000n\000s\000\040\000a\000n\000d\000\040\000C\000o\000m\000b\000i\000n\000a\000t\000i\000o\000n\000s}{part.4}% 97
\BOOKMARK [2][-]{subsection.24.1}{\376\377\000F\000u\000n\000d\000a\000m\000e\000n\000t\000a\000l\000\040\000c\000o\000u\000n\000t\000i\000n\000g\000\040\000p\000r\000i\000n\000c\000i\000p\000l\000e}{section.24}% 98
\BOOKMARK [2][-]{subsection.24.2}{\376\377\000A\000r\000r\000a\000n\000g\000e\000m\000e\000n\000t\000s\000\040\000w\000i\000t\000h\000\040\000r\000e\000s\000t\000r\000i\000c\000t\000i\000o\000n\000s}{section.24}% 99
\BOOKMARK [2][-]{subsection.24.3}{\376\377\000C\000o\000m\000b\000i\000n\000a\000t\000i\000o\000n\000s\000\040\000a\000n\000d\000\040\000s\000e\000l\000e\000c\000t\000i\000o\000n\000s}{section.24}% 100
\BOOKMARK [1][-]{section.25}{\376\377\000P\000r\000o\000b\000a\000b\000i\000l\000i\000t\000y\000\040\000\050\000H\0002\000\051}{part.4}% 101
\BOOKMARK [2][-]{subsection.25.1}{\376\377\000C\000o\000n\000d\000i\000t\000i\000o\000n\000a\000l\000\040\000p\000r\000o\000b\000a\000b\000i\000l\000i\000t\000y\000,\000\040\000B\000a\000y\000e\000s\000'\000\040\000t\000h\000e\000o\000r\000e\000m}{section.25}% 102
\BOOKMARK [2][-]{subsection.25.2}{\376\377\000B\000i\000n\000o\000m\000i\000a\000l\000,\000\040\000P\000o\000i\000s\000s\000o\000n\000,\000\040\000N\000o\000r\000m\000a\000l\000\040\000d\000i\000s\000t\000r\000i\000b\000u\000t\000i\000o\000n\000s}{section.25}% 103
\BOOKMARK [2][-]{subsection.25.3}{\376\377\000C\000o\000n\000t\000i\000n\000u\000i\000t\000y\000\040\000c\000o\000r\000r\000e\000c\000t\000i\000o\000n}{section.25}% 104
\BOOKMARK [1][-]{section.26}{\376\377\000H\000y\000p\000o\000t\000h\000e\000s\000i\000s\000\040\000T\000e\000s\000t\000i\000n\000g}{part.4}% 105
\BOOKMARK [2][-]{subsection.26.1}{\376\377\000z\000-\000t\000e\000s\000t\000s\000\040\000a\000n\000d\000\040\000t\000-\000t\000e\000s\000t\000s}{section.26}% 106
\BOOKMARK [2][-]{subsection.26.2}{\376\377\000p\000-\000v\000a\000l\000u\000e\000s\000\040\000a\000n\000d\000\040\000c\000r\000i\000t\000i\000c\000a\000l\000\040\000r\000e\000g\000i\000o\000n\000s}{section.26}% 107
\BOOKMARK [2][-]{subsection.26.3}{\376\377\000C\000o\000r\000r\000e\000l\000a\000t\000i\000o\000n\000\040\000a\000n\000d\000\040\000l\000i\000n\000e\000a\000r\000\040\000r\000e\000g\000r\000e\000s\000s\000i\000o\000n}{section.26}% 108
\BOOKMARK [0][-]{part.5}{\376\377\000V\000\040\000M\000a\000t\000h\000e\000m\000a\000t\000i\000c\000a\000l\000\040\000O\000l\000y\000m\000p\000i\000a\000d\000\040\000T\000e\000c\000h\000n\000i\000q\000u\000e\000s}{}% 109
\BOOKMARK [1][-]{section.27}{\376\377\000N\000u\000m\000b\000e\000r\000\040\000T\000h\000e\000o\000r\000y\000\040\000\050\000O\000l\000y\000m\000p\000i\000a\000d\000\051}{part.5}% 110
\BOOKMARK [2][-]{subsection.27.1}{\376\377\000D\000i\000v\000i\000s\000i\000b\000i\000l\000i\000t\000y\000\040\000a\000n\000d\000\040\000m\000o\000d\000u\000l\000a\000r\000\040\000a\000r\000i\000t\000h\000m\000e\000t\000i\000c}{section.27}% 111
\BOOKMARK [2][-]{subsection.27.2}{\376\377\000E\000u\000l\000e\000r\000'\000s\000\040\000t\000h\000e\000o\000r\000e\000m\000\040\000a\000n\000d\000\040\000C\000R\000T}{section.27}% 112
\BOOKMARK [2][-]{subsection.27.3}{\376\377\000L\000e\000g\000e\000n\000d\000r\000e\000\040\000s\000y\000m\000b\000o\000l\000,\000\040\000q\000u\000a\000d\000r\000a\000t\000i\000c\000\040\000r\000e\000c\000i\000p\000r\000o\000c\000i\000t\000y}{section.27}% 113
\BOOKMARK [1][-]{section.28}{\376\377\000C\000o\000m\000b\000i\000n\000a\000t\000o\000r\000i\000c\000s\000\040\000\050\000O\000l\000y\000m\000p\000i\000a\000d\000\051}{part.5}% 114
\BOOKMARK [2][-]{subsection.28.1}{\376\377\000P\000r\000i\000n\000c\000i\000p\000l\000e\000\040\000o\000f\000\040\000i\000n\000c\000l\000u\000s\000i\000o\000n\000-\000e\000x\000c\000l\000u\000s\000i\000o\000n}{section.28}% 115
\BOOKMARK [2][-]{subsection.28.2}{\376\377\000G\000e\000n\000e\000r\000a\000t\000i\000n\000g\000\040\000f\000u\000n\000c\000t\000i\000o\000n\000s}{section.28}% 116
\BOOKMARK [2][-]{subsection.28.3}{\376\377\000B\000i\000j\000e\000c\000t\000i\000o\000n\000s\000\040\000a\000n\000d\000\040\000d\000o\000u\000b\000l\000e\000\040\000c\000o\000u\000n\000t\000i\000n\000g}{section.28}% 117
\BOOKMARK [1][-]{section.29}{\376\377\000G\000e\000o\000m\000e\000t\000r\000y\000\040\000\050\000O\000l\000y\000m\000p\000i\000a\000d\000\051}{part.5}% 118
\BOOKMARK [2][-]{subsection.29.1}{\376\377\000C\000i\000r\000c\000l\000e\000\040\000t\000h\000e\000o\000r\000e\000m\000s\000\040\000a\000n\000d\000\040\000p\000o\000w\000e\000r\000\040\000o\000f\000\040\000a\000\040\000p\000o\000i\000n\000t}{section.29}% 119
\BOOKMARK [2][-]{subsection.29.2}{\376\377\000T\000r\000i\000g\000o\000n\000o\000m\000e\000t\000r\000i\000c\000\040\000m\000e\000t\000h\000o\000d\000s}{section.29}% 120
\BOOKMARK [2][-]{subsection.29.3}{\376\377\000P\000r\000o\000j\000e\000c\000t\000i\000v\000e\000\040\000g\000e\000o\000m\000e\000t\000r\000y\000\040\000a\000n\000d\000\040\000i\000n\000v\000e\000r\000s\000i\000o\000n\000s}{section.29}% 121
\BOOKMARK [1][-]{section.30}{\376\377\000A\000l\000g\000e\000b\000r\000a\000\040\000\050\000O\000l\000y\000m\000p\000i\000a\000d\000\051}{part.5}% 122
\BOOKMARK [2][-]{subsection.30.1}{\376\377\000A\000M\000-\000G\000M\000,\000\040\000C\000a\000u\000c\000h\000y\000-\000S\000c\000h\000w\000a\000r\000z\000,\000\040\000r\000e\000a\000r\000r\000a\000n\000g\000e\000m\000e\000n\000t}{section.30}% 123
\BOOKMARK [2][-]{subsection.30.2}{\376\377\000F\000u\000n\000c\000t\000i\000o\000n\000a\000l\000\040\000e\000q\000u\000a\000t\000i\000o\000n\000s}{section.30}% 124
\BOOKMARK [2][-]{subsection.30.3}{\376\377\000P\000o\000l\000y\000n\000o\000m\000i\000a\000l\000\040\000t\000r\000i\000c\000k\000s\000\040\000a\000n\000d\000\040\000s\000y\000m\000m\000e\000t\000r\000i\000c\000\040\000f\000u\000n\000c\000t\000i\000o\000n\000s}{section.30}% 125
\BOOKMARK [1][-]{section.31}{\376\377\000P\000r\000o\000o\000f\000\040\000S\000t\000r\000a\000t\000e\000g\000i\000e\000s}{part.5}% 126
\BOOKMARK [2][-]{subsection.31.1}{\376\377\000I\000n\000v\000a\000r\000i\000a\000n\000t\000s\000\040\000a\000n\000d\000\040\000m\000o\000n\000o\000v\000a\000r\000i\000a\000n\000t\000s}{section.31}% 127
\BOOKMARK [2][-]{subsection.31.2}{\376\377\000E\000x\000t\000r\000e\000m\000a\000l\000\040\000p\000r\000i\000n\000c\000i\000p\000l\000e}{section.31}% 128
\BOOKMARK [2][-]{subsection.31.3}{\376\377\000P\000i\000g\000e\000o\000n\000h\000o\000l\000e\000\040\000p\000r\000i\000n\000c\000i\000p\000l\000e}{section.31}% 129
\BOOKMARK [0][-]{part.6}{\376\377\000V\000I\000\040\000D\000i\000s\000c\000r\000e\000t\000e\000\040\000S\000t\000r\000u\000c\000t\000u\000r\000e\000s}{}% 130
\BOOKMARK [1][-]{section.32}{\376\377\000L\000o\000g\000i\000c\000\040\000a\000n\000d\000\040\000P\000r\000o\000o\000f\000s}{part.6}% 131
\BOOKMARK [2][-]{subsection.32.1}{\376\377\000P\000r\000o\000p\000o\000s\000i\000t\000i\000o\000n\000a\000l\000\040\000a\000n\000d\000\040\000p\000r\000e\000d\000i\000c\000a\000t\000e\000\040\000l\000o\000g\000i\000c}{section.32}% 132
\BOOKMARK [2][-]{subsection.32.2}{\376\377\000D\000i\000r\000e\000c\000t\000,\000\040\000c\000o\000n\000t\000r\000a\000p\000o\000s\000i\000t\000i\000v\000e\000,\000\040\000c\000o\000n\000t\000r\000a\000d\000i\000c\000t\000i\000o\000n}{section.32}% 133
\BOOKMARK [2][-]{subsection.32.3}{\376\377\000M\000a\000t\000h\000e\000m\000a\000t\000i\000c\000a\000l\000\040\000i\000n\000d\000u\000c\000t\000i\000o\000n\000\040\000\050\000w\000e\000a\000k\000\040\000a\000n\000d\000\040\000s\000t\000r\000o\000n\000g\000\051}{section.32}% 134
\BOOKMARK [1][-]{section.33}{\376\377\000S\000e\000t\000\040\000T\000h\000e\000o\000r\000y\000\040\000a\000n\000d\000\040\000F\000u\000n\000c\000t\000i\000o\000n\000s}{part.6}% 135
\BOOKMARK [2][-]{subsection.33.1}{\376\377\000S\000e\000t\000\040\000o\000p\000e\000r\000a\000t\000i\000o\000n\000s\000,\000\040\000c\000a\000r\000d\000i\000n\000a\000l\000i\000t\000y\000,\000\040\000p\000o\000w\000e\000r\000\040\000s\000e\000t\000s}{section.33}% 136
\BOOKMARK [2][-]{subsection.33.2}{\376\377\000I\000n\000j\000e\000c\000t\000i\000v\000e\000,\000\040\000s\000u\000r\000j\000e\000c\000t\000i\000v\000e\000,\000\040\000b\000i\000j\000e\000c\000t\000i\000v\000e}{section.33}% 137
\BOOKMARK [2][-]{subsection.33.3}{\376\377\000C\000a\000n\000t\000o\000r\000'\000s\000\040\000t\000h\000e\000o\000r\000e\000m\000,\000\040\000c\000o\000u\000n\000t\000a\000b\000i\000l\000i\000t\000y}{section.33}% 138
\BOOKMARK [1][-]{section.34}{\376\377\000R\000e\000l\000a\000t\000i\000o\000n\000s}{part.6}% 139
\BOOKMARK [2][-]{subsection.34.1}{\376\377\000E\000q\000u\000i\000v\000a\000l\000e\000n\000c\000e\000\040\000r\000e\000l\000a\000t\000i\000o\000n\000s\000\040\000a\000n\000d\000\040\000p\000a\000r\000t\000i\000t\000i\000o\000n\000s}{section.34}% 140
\BOOKMARK [2][-]{subsection.34.2}{\376\377\000P\000a\000r\000t\000i\000a\000l\000\040\000o\000r\000d\000e\000r\000s\000,\000\040\000H\000a\000s\000s\000e\000\040\000d\000i\000a\000g\000r\000a\000m\000s}{section.34}% 141
\BOOKMARK [2][-]{subsection.34.3}{\376\377\000W\000e\000l\000l\000-\000o\000r\000d\000e\000r\000i\000n\000g\000\040\000p\000r\000i\000n\000c\000i\000p\000l\000e}{section.34}% 142
\BOOKMARK [1][-]{section.35}{\376\377\000C\000o\000m\000b\000i\000n\000a\000t\000o\000r\000i\000c\000s\000\040\000\050\000D\000i\000s\000c\000r\000e\000t\000e\000\051}{part.6}% 143
\BOOKMARK [2][-]{subsection.35.1}{\376\377\000C\000o\000u\000n\000t\000i\000n\000g\000:\000\040\000p\000e\000r\000m\000u\000t\000a\000t\000i\000o\000n\000s\000\040\000a\000n\000d\000\040\000c\000o\000m\000b\000i\000n\000a\000t\000i\000o\000n\000s}{section.35}% 144
\BOOKMARK [2][-]{subsection.35.2}{\376\377\000B\000i\000n\000o\000m\000i\000a\000l\000\040\000t\000h\000e\000o\000r\000e\000m\000\040\000a\000n\000d\000\040\000P\000a\000s\000c\000a\000l\000'\000s\000\040\000i\000d\000e\000n\000t\000i\000t\000y}{section.35}% 145
\BOOKMARK [2][-]{subsection.35.3}{\376\377\000R\000e\000c\000u\000r\000r\000e\000n\000c\000e\000\040\000r\000e\000l\000a\000t\000i\000o\000n\000s\000\040\000a\000n\000d\000\040\000c\000l\000o\000s\000e\000d\000\040\000f\000o\000r\000m\000s}{section.35}% 146
\BOOKMARK [1][-]{section.36}{\376\377\000G\000r\000a\000p\000h\000\040\000T\000h\000e\000o\000r\000y}{part.6}% 147
\BOOKMARK [2][-]{subsection.36.1}{\376\377\000P\000a\000t\000h\000s\000,\000\040\000c\000y\000c\000l\000e\000s\000,\000\040\000c\000o\000n\000n\000e\000c\000t\000i\000v\000i\000t\000y}{section.36}% 148
\BOOKMARK [2][-]{subsection.36.2}{\376\377\000T\000r\000e\000e\000s\000\040\000a\000n\000d\000\040\000s\000p\000a\000n\000n\000i\000n\000g\000\040\000t\000r\000e\000e\000s}{section.36}% 149
\BOOKMARK [2][-]{subsection.36.3}{\376\377\000P\000l\000a\000n\000a\000r\000i\000t\000y\000,\000\040\000E\000u\000l\000e\000r\000\040\000c\000h\000a\000r\000a\000c\000t\000e\000r\000i\000s\000t\000i\000c\000,\000\040\000g\000r\000a\000p\000h\000\040\000c\000o\000l\000o\000u\000r\000i\000n\000g}{section.36}% 150
\BOOKMARK [1][-]{section.37}{\376\377\000N\000u\000m\000b\000e\000r\000\040\000T\000h\000e\000o\000r\000y\000\040\000\050\000D\000i\000s\000c\000r\000e\000t\000e\000\051}{part.6}% 151
\BOOKMARK [2][-]{subsection.37.1}{\376\377\000G\000C\000D\000,\000\040\000B\000e\000z\000o\000u\000t\000,\000\040\000e\000x\000t\000e\000n\000d\000e\000d\000\040\000E\000u\000c\000l\000i\000d\000e\000a\000n}{section.37}% 152
\BOOKMARK [2][-]{subsection.37.2}{\376\377\000C\000o\000n\000g\000r\000u\000e\000n\000c\000e\000s\000\040\000a\000n\000d\000\040\000m\000o\000d\000u\000l\000a\000r\000\040\000i\000n\000v\000e\000r\000s\000e\000s}{section.37}% 153
\BOOKMARK [2][-]{subsection.37.3}{\376\377\000R\000S\000A\000\040\000a\000n\000d\000\040\000a\000p\000p\000l\000i\000c\000a\000t\000i\000o\000n\000s\000\040\000t\000o\000\040\000c\000r\000y\000p\000t\000o\000g\000r\000a\000p\000h\000y}{section.37}% 154
\BOOKMARK [0][-]{part.7}{\376\377\000V\000I\000I\000\040\000C\000a\000l\000c\000u\000l\000u\000s}{}% 155
\BOOKMARK [1][-]{section.38}{\376\377\000L\000i\000m\000i\000t\000s\000\040\000a\000n\000d\000\040\000C\000o\000n\000t\000i\000n\000u\000i\000t\000y}{part.7}% 156
\BOOKMARK [2][-]{subsection.38.1}{\376\377\000E\000p\000s\000i\000l\000o\000n\000-\000d\000e\000l\000t\000a\000\040\000d\000e\000f\000i\000n\000i\000t\000i\000o\000n\000s}{section.38}% 157
\BOOKMARK [2][-]{subsection.38.2}{\376\377\000L\000i\000m\000i\000t\000\040\000l\000a\000w\000s\000,\000\040\000s\000q\000u\000e\000e\000z\000e\000\040\000t\000h\000e\000o\000r\000e\000m}{section.38}% 158
\BOOKMARK [2][-]{subsection.38.3}{\376\377\000C\000o\000n\000t\000i\000n\000u\000i\000t\000y\000\040\000a\000n\000d\000\040\000u\000n\000i\000f\000o\000r\000m\000\040\000c\000o\000n\000t\000i\000n\000u\000i\000t\000y}{section.38}% 159
\BOOKMARK [1][-]{section.39}{\376\377\000S\000i\000n\000g\000l\000e\000-\000V\000a\000r\000i\000a\000b\000l\000e\000\040\000D\000i\000f\000f\000e\000r\000e\000n\000t\000i\000a\000t\000i\000o\000n}{part.7}% 160
\BOOKMARK [2][-]{subsection.39.1}{\376\377\000D\000i\000f\000f\000e\000r\000e\000n\000t\000i\000a\000t\000i\000o\000n\000\040\000r\000u\000l\000e\000s\000\040\000a\000n\000d\000\040\000i\000m\000p\000l\000i\000c\000i\000t\000\040\000d\000i\000f\000f\000e\000r\000e\000n\000t\000i\000a\000t\000i\000o\000n}{section.39}% 161
\BOOKMARK [2][-]{subsection.39.2}{\376\377\000M\000e\000a\000n\000\040\000v\000a\000l\000u\000e\000\040\000t\000h\000e\000o\000r\000e\000m\000,\000\040\000L\000'\000H\000o\000p\000i\000t\000a\000l\000'\000s\000\040\000r\000u\000l\000e}{section.39}% 162
\BOOKMARK [2][-]{subsection.39.3}{\376\377\000O\000p\000t\000i\000m\000i\000s\000a\000t\000i\000o\000n\000\040\000a\000n\000d\000\040\000c\000u\000r\000v\000e\000\040\000s\000k\000e\000t\000c\000h\000i\000n\000g}{section.39}% 163
\BOOKMARK [1][-]{section.40}{\376\377\000S\000i\000n\000g\000l\000e\000-\000V\000a\000r\000i\000a\000b\000l\000e\000\040\000I\000n\000t\000e\000g\000r\000a\000t\000i\000o\000n}{part.7}% 164
\BOOKMARK [2][-]{subsection.40.1}{\376\377\000F\000u\000n\000d\000a\000m\000e\000n\000t\000a\000l\000\040\000t\000h\000e\000o\000r\000e\000m\000\040\000o\000f\000\040\000c\000a\000l\000c\000u\000l\000u\000s}{section.40}% 165
\BOOKMARK [2][-]{subsection.40.2}{\376\377\000I\000n\000t\000e\000g\000r\000a\000t\000i\000o\000n\000\040\000t\000e\000c\000h\000n\000i\000q\000u\000e\000s\000:\000\040\000I\000B\000P\000,\000\040\000p\000a\000r\000t\000i\000a\000l\000\040\000f\000r\000a\000c\000t\000i\000o\000n\000s\000,\000\040\000t\000r\000i\000g\000\040\000s\000u\000b\000s}{section.40}% 166
\BOOKMARK [2][-]{subsection.40.3}{\376\377\000I\000m\000p\000r\000o\000p\000e\000r\000\040\000i\000n\000t\000e\000g\000r\000a\000l\000s}{section.40}% 167
\BOOKMARK [1][-]{section.41}{\376\377\000S\000e\000q\000u\000e\000n\000c\000e\000s\000\040\000a\000n\000d\000\040\000S\000e\000r\000i\000e\000s\000\040\000\050\000M\000A\0001\0005\0002\0001\000\051}{part.7}% 168
\BOOKMARK [2][-]{subsection.41.1}{\376\377\000C\000o\000n\000v\000e\000r\000g\000e\000n\000c\000e\000\040\000t\000e\000s\000t\000s\000:\000\040\000r\000a\000t\000i\000o\000,\000\040\000r\000o\000o\000t\000,\000\040\000c\000o\000m\000p\000a\000r\000i\000s\000o\000n}{section.41}% 169
\BOOKMARK [2][-]{subsection.41.2}{\376\377\000P\000o\000w\000e\000r\000\040\000s\000e\000r\000i\000e\000s\000\040\000a\000n\000d\000\040\000r\000a\000d\000i\000u\000s\000\040\000o\000f\000\040\000c\000o\000n\000v\000e\000r\000g\000e\000n\000c\000e}{section.41}% 170
\BOOKMARK [2][-]{subsection.41.3}{\376\377\000T\000a\000y\000l\000o\000r\000\040\000a\000n\000d\000\040\000M\000a\000c\000l\000a\000u\000r\000i\000n\000\040\000s\000e\000r\000i\000e\000s}{section.41}% 171
\BOOKMARK [1][-]{section.42}{\376\377\000V\000e\000c\000t\000o\000r\000s\000\040\000a\000n\000d\000\040\000C\000u\000r\000v\000e\000s\000\040\000i\000n\000\040\000S\000p\000a\000c\000e}{part.7}% 172
\BOOKMARK [2][-]{subsection.42.1}{\376\377\000P\000a\000r\000a\000m\000e\000t\000r\000i\000c\000\040\000c\000u\000r\000v\000e\000s\000,\000\040\000a\000r\000c\000\040\000l\000e\000n\000g\000t\000h}{section.42}% 173
\BOOKMARK [2][-]{subsection.42.2}{\376\377\000C\000u\000r\000v\000a\000t\000u\000r\000e\000,\000\040\000T\000N\000B\000\040\000f\000r\000a\000m\000e}{section.42}% 174
\BOOKMARK [2][-]{subsection.42.3}{\376\377\000V\000e\000c\000t\000o\000r\000-\000v\000a\000l\000u\000e\000d\000\040\000f\000u\000n\000c\000t\000i\000o\000n\000s}{section.42}% 175
\BOOKMARK [1][-]{section.43}{\376\377\000P\000a\000r\000t\000i\000a\000l\000\040\000D\000e\000r\000i\000v\000a\000t\000i\000v\000e\000s}{part.7}% 176
\BOOKMARK [2][-]{subsection.43.1}{\376\377\000P\000a\000r\000t\000i\000a\000l\000\040\000d\000e\000r\000i\000v\000a\000t\000i\000v\000e\000s\000\040\000a\000n\000d\000\040\000g\000r\000a\000d\000i\000e\000n\000t\000s}{section.43}% 177
\BOOKMARK [2][-]{subsection.43.2}{\376\377\000D\000i\000r\000e\000c\000t\000i\000o\000n\000a\000l\000\040\000d\000e\000r\000i\000v\000a\000t\000i\000v\000e\000s}{section.43}% 178
\BOOKMARK [2][-]{subsection.43.3}{\376\377\000C\000h\000a\000i\000n\000\040\000r\000u\000l\000e\000\040\000f\000o\000r\000\040\000m\000u\000l\000t\000i\000v\000a\000r\000i\000a\000b\000l\000e\000\040\000f\000u\000n\000c\000t\000i\000o\000n\000s}{section.43}% 179
\BOOKMARK [1][-]{section.44}{\376\377\000O\000p\000t\000i\000m\000i\000s\000a\000t\000i\000o\000n\000\040\000i\000n\000\040\000S\000e\000v\000e\000r\000a\000l\000\040\000V\000a\000r\000i\000a\000b\000l\000e\000s}{part.7}% 180
\BOOKMARK [2][-]{subsection.44.1}{\376\377\000C\000r\000i\000t\000i\000c\000a\000l\000\040\000p\000o\000i\000n\000t\000s\000,\000\040\000s\000e\000c\000o\000n\000d\000\040\000d\000e\000r\000i\000v\000a\000t\000i\000v\000e\000\040\000t\000e\000s\000t}{section.44}% 181
\BOOKMARK [2][-]{subsection.44.2}{\376\377\000C\000o\000n\000s\000t\000r\000a\000i\000n\000e\000d\000\040\000o\000p\000t\000i\000m\000i\000s\000a\000t\000i\000o\000n\000\040\000a\000n\000d\000\040\000L\000a\000g\000r\000a\000n\000g\000e\000\040\000m\000u\000l\000t\000i\000p\000l\000i\000e\000r\000s}{section.44}% 182
\BOOKMARK [2][-]{subsection.44.3}{\376\377\000B\000o\000r\000d\000e\000r\000e\000d\000\040\000H\000e\000s\000s\000i\000a\000n\000s}{section.44}% 183
\BOOKMARK [1][-]{section.45}{\376\377\000M\000u\000l\000t\000i\000p\000l\000e\000\040\000I\000n\000t\000e\000g\000r\000a\000l\000s}{part.7}% 184
\BOOKMARK [2][-]{subsection.45.1}{\376\377\000D\000o\000u\000b\000l\000e\000\040\000a\000n\000d\000\040\000t\000r\000i\000p\000l\000e\000\040\000i\000n\000t\000e\000g\000r\000a\000l\000s}{section.45}% 185
\BOOKMARK [2][-]{subsection.45.2}{\376\377\000C\000h\000a\000n\000g\000e\000\040\000o\000f\000\040\000v\000a\000r\000i\000a\000b\000l\000e\000s\000,\000\040\000J\000a\000c\000o\000b\000i\000a\000n\000s}{section.45}% 186
\BOOKMARK [2][-]{subsection.45.3}{\376\377\000P\000o\000l\000a\000r\000,\000\040\000c\000y\000l\000i\000n\000d\000r\000i\000c\000a\000l\000,\000\040\000s\000p\000h\000e\000r\000i\000c\000a\000l\000\040\000c\000o\000o\000r\000d\000i\000n\000a\000t\000e\000s}{section.45}% 187
\BOOKMARK [1][-]{section.46}{\376\377\000V\000e\000c\000t\000o\000r\000\040\000C\000a\000l\000c\000u\000l\000u\000s}{part.7}% 188
\BOOKMARK [2][-]{subsection.46.1}{\376\377\000L\000i\000n\000e\000\040\000i\000n\000t\000e\000g\000r\000a\000l\000s\000\040\000a\000n\000d\000\040\000w\000o\000r\000k}{section.46}% 189
\BOOKMARK [2][-]{subsection.46.2}{\376\377\000G\000r\000e\000e\000n\000'\000s\000,\000\040\000S\000t\000o\000k\000e\000s\000'\000,\000\040\000D\000i\000v\000e\000r\000g\000e\000n\000c\000e\000\040\000t\000h\000e\000o\000r\000e\000m\000s}{section.46}% 190
\BOOKMARK [2][-]{subsection.46.3}{\376\377\000C\000o\000n\000s\000e\000r\000v\000a\000t\000i\000v\000e\000\040\000f\000i\000e\000l\000d\000s\000\040\000a\000n\000d\000\040\000p\000o\000t\000e\000n\000t\000i\000a\000l\000s}{section.46}% 191
\BOOKMARK [0][-]{part.8}{\376\377\000V\000I\000I\000I\000\040\000L\000i\000n\000e\000a\000r\000\040\000A\000l\000g\000e\000b\000r\000a}{}% 192
\BOOKMARK [1][-]{section.47}{\376\377\000V\000e\000c\000t\000o\000r\000\040\000S\000p\000a\000c\000e\000s}{part.8}% 193
\BOOKMARK [2][-]{subsection.47.1}{\376\377\000A\000x\000i\000o\000m\000s\000,\000\040\000s\000u\000b\000s\000p\000a\000c\000e\000s\000,\000\040\000s\000p\000a\000n}{section.47}% 194
\BOOKMARK [2][-]{subsection.47.2}{\376\377\000B\000a\000s\000i\000s\000,\000\040\000d\000i\000m\000e\000n\000s\000i\000o\000n\000,\000\040\000c\000o\000o\000r\000d\000i\000n\000a\000t\000e\000s}{section.47}% 195
\BOOKMARK [2][-]{subsection.47.3}{\376\377\000L\000i\000n\000e\000a\000r\000\040\000i\000n\000d\000e\000p\000e\000n\000d\000e\000n\000c\000e}{section.47}% 196
\BOOKMARK [1][-]{section.48}{\376\377\000L\000i\000n\000e\000a\000r\000\040\000M\000a\000p\000s\000\040\000a\000n\000d\000\040\000M\000a\000t\000r\000i\000c\000e\000s}{part.8}% 197
\BOOKMARK [2][-]{subsection.48.1}{\376\377\000N\000u\000l\000l\000\040\000s\000p\000a\000c\000e\000\040\000a\000n\000d\000\040\000c\000o\000l\000u\000m\000n\000\040\000s\000p\000a\000c\000e}{section.48}% 198
\BOOKMARK [2][-]{subsection.48.2}{\376\377\000R\000a\000n\000k\000-\000n\000u\000l\000l\000i\000t\000y\000\040\000t\000h\000e\000o\000r\000e\000m}{section.48}% 199
\BOOKMARK [2][-]{subsection.48.3}{\376\377\000C\000h\000a\000n\000g\000e\000\040\000o\000f\000\040\000b\000a\000s\000i\000s}{section.48}% 200
\BOOKMARK [1][-]{section.49}{\376\377\000S\000y\000s\000t\000e\000m\000s\000\040\000a\000n\000d\000\040\000G\000a\000u\000s\000s\000i\000a\000n\000\040\000E\000l\000i\000m\000i\000n\000a\000t\000i\000o\000n}{part.8}% 201
\BOOKMARK [2][-]{subsection.49.1}{\376\377\000R\000o\000w\000\040\000r\000e\000d\000u\000c\000t\000i\000o\000n\000\040\000a\000n\000d\000\040\000R\000E\000F\000/\000R\000R\000E\000F}{section.49}% 202
\BOOKMARK [2][-]{subsection.49.2}{\376\377\000S\000o\000l\000u\000t\000i\000o\000n\000\040\000s\000e\000t\000s\000\040\000a\000n\000d\000\040\000p\000a\000r\000a\000m\000e\000t\000e\000r\000i\000s\000a\000t\000i\000o\000n}{section.49}% 203
\BOOKMARK [2][-]{subsection.49.3}{\376\377\000L\000U\000\040\000d\000e\000c\000o\000m\000p\000o\000s\000i\000t\000i\000o\000n}{section.49}% 204
\BOOKMARK [1][-]{section.50}{\376\377\000D\000e\000t\000e\000r\000m\000i\000n\000a\000n\000t\000s}{part.8}% 205
\BOOKMARK [2][-]{subsection.50.1}{\376\377\000C\000o\000f\000a\000c\000t\000o\000r\000\040\000e\000x\000p\000a\000n\000s\000i\000o\000n\000,\000\040\000p\000r\000o\000p\000e\000r\000t\000i\000e\000s}{section.50}% 206
\BOOKMARK [2][-]{subsection.50.2}{\376\377\000A\000d\000j\000u\000g\000a\000t\000e\000\040\000a\000n\000d\000\040\000C\000r\000a\000m\000e\000r\000'\000s\000\040\000r\000u\000l\000e}{section.50}% 207
\BOOKMARK [2][-]{subsection.50.3}{\376\377\000G\000e\000o\000m\000e\000t\000r\000i\000c\000\040\000i\000n\000t\000e\000r\000p\000r\000e\000t\000a\000t\000i\000o\000n}{section.50}% 208
\BOOKMARK [1][-]{section.51}{\376\377\000E\000i\000g\000e\000n\000v\000a\000l\000u\000e\000s\000\040\000a\000n\000d\000\040\000E\000i\000g\000e\000n\000v\000e\000c\000t\000o\000r\000s}{part.8}% 209
\BOOKMARK [2][-]{subsection.51.1}{\376\377\000C\000h\000a\000r\000a\000c\000t\000e\000r\000i\000s\000t\000i\000c\000\040\000p\000o\000l\000y\000n\000o\000m\000i\000a\000l}{section.51}% 210
\BOOKMARK [2][-]{subsection.51.2}{\376\377\000D\000i\000a\000g\000o\000n\000a\000l\000i\000s\000a\000t\000i\000o\000n}{section.51}% 211
\BOOKMARK [2][-]{subsection.51.3}{\376\377\000J\000o\000r\000d\000a\000n\000\040\000n\000o\000r\000m\000a\000l\000\040\000f\000o\000r\000m\000\040\000\050\000i\000n\000t\000r\000o\000\051}{section.51}% 212
\BOOKMARK [1][-]{section.52}{\376\377\000I\000n\000n\000e\000r\000\040\000P\000r\000o\000d\000u\000c\000t\000\040\000S\000p\000a\000c\000e\000s}{part.8}% 213
\BOOKMARK [2][-]{subsection.52.1}{\376\377\000I\000n\000n\000e\000r\000\040\000p\000r\000o\000d\000u\000c\000t\000s\000\040\000a\000n\000d\000\040\000n\000o\000r\000m\000s}{section.52}% 214
\BOOKMARK [2][-]{subsection.52.2}{\376\377\000C\000a\000u\000c\000h\000y\000-\000S\000c\000h\000w\000a\000r\000z\000,\000\040\000t\000r\000i\000a\000n\000g\000l\000e\000\040\000i\000n\000e\000q\000u\000a\000l\000i\000t\000y}{section.52}% 215
\BOOKMARK [2][-]{subsection.52.3}{\376\377\000G\000r\000a\000m\000-\000S\000c\000h\000m\000i\000d\000t\000\040\000o\000r\000t\000h\000o\000g\000o\000n\000a\000l\000i\000s\000a\000t\000i\000o\000n}{section.52}% 216
\BOOKMARK [1][-]{section.53}{\376\377\000M\000a\000t\000r\000i\000x\000\040\000D\000e\000c\000o\000m\000p\000o\000s\000i\000t\000i\000o\000n\000s}{part.8}% 217
\BOOKMARK [2][-]{subsection.53.1}{\376\377\000Q\000R\000\040\000d\000e\000c\000o\000m\000p\000o\000s\000i\000t\000i\000o\000n}{section.53}% 218
\BOOKMARK [2][-]{subsection.53.2}{\376\377\000S\000i\000n\000g\000u\000l\000a\000r\000\040\000V\000a\000l\000u\000e\000\040\000D\000e\000c\000o\000m\000p\000o\000s\000i\000t\000i\000o\000n\000\040\000\050\000S\000V\000D\000\051}{section.53}% 219
\BOOKMARK [2][-]{subsection.53.3}{\376\377\000S\000p\000e\000c\000t\000r\000a\000l\000\040\000t\000h\000e\000o\000r\000e\000m\000\040\000a\000n\000d\000\040\000p\000o\000s\000i\000t\000i\000v\000e\000\040\000d\000e\000f\000i\000n\000i\000t\000e\000\040\000m\000a\000t\000r\000i\000c\000e\000s}{section.53}% 220
\BOOKMARK [0][-]{part.9}{\376\377\000I\000X\000\040\000M\000a\000t\000h\000e\000m\000a\000t\000i\000c\000a\000l\000\040\000A\000n\000a\000l\000y\000s\000i\000s}{}% 221
\BOOKMARK [1][-]{section.54}{\376\377\000T\000h\000e\000\040\000R\000e\000a\000l\000\040\000N\000u\000m\000b\000e\000r\000\040\000S\000y\000s\000t\000e\000m}{part.9}% 222
\BOOKMARK [2][-]{subsection.54.1}{\376\377\000O\000r\000d\000e\000r\000e\000d\000\040\000f\000i\000e\000l\000d\000\040\000a\000x\000i\000o\000m\000s}{section.54}% 223
\BOOKMARK [2][-]{subsection.54.2}{\376\377\000C\000o\000m\000p\000l\000e\000t\000e\000n\000e\000s\000s\000\040\000a\000n\000d\000\040\000l\000e\000a\000s\000t\000\040\000u\000p\000p\000e\000r\000\040\000b\000o\000u\000n\000d}{section.54}% 224
\BOOKMARK [2][-]{subsection.54.3}{\376\377\000A\000r\000c\000h\000i\000m\000e\000d\000e\000a\000n\000\040\000p\000r\000o\000p\000e\000r\000t\000y}{section.54}% 225
\BOOKMARK [1][-]{section.55}{\376\377\000S\000e\000q\000u\000e\000n\000c\000e\000s\000\040\000o\000f\000\040\000R\000e\000a\000l\000\040\000N\000u\000m\000b\000e\000r\000s}{part.9}% 226
\BOOKMARK [2][-]{subsection.55.1}{\376\377\000C\000o\000n\000v\000e\000r\000g\000e\000n\000c\000e\000,\000\040\000l\000i\000m\000i\000t\000\040\000l\000a\000w\000s}{section.55}% 227
\BOOKMARK [2][-]{subsection.55.2}{\376\377\000M\000o\000n\000o\000t\000o\000n\000e\000\040\000c\000o\000n\000v\000e\000r\000g\000e\000n\000c\000e\000,\000\040\000B\000o\000l\000z\000a\000n\000o\000-\000W\000e\000i\000e\000r\000s\000t\000r\000a\000s\000s}{section.55}% 228
\BOOKMARK [2][-]{subsection.55.3}{\376\377\000C\000a\000u\000c\000h\000y\000\040\000s\000e\000q\000u\000e\000n\000c\000e\000s}{section.55}% 229
\BOOKMARK [1][-]{section.56}{\376\377\000L\000i\000m\000i\000t\000s\000\040\000a\000n\000d\000\040\000C\000o\000n\000t\000i\000n\000u\000i\000t\000y\000\040\000\050\000A\000n\000a\000l\000y\000s\000i\000s\000\051}{part.9}% 230
\BOOKMARK [2][-]{subsection.56.1}{\376\377\000S\000e\000q\000u\000e\000n\000t\000i\000a\000l\000\040\000a\000n\000d\000\040\000e\000p\000s\000i\000l\000o\000n\000-\000d\000e\000l\000t\000a\000\040\000d\000e\000f\000i\000n\000i\000t\000i\000o\000n\000s}{section.56}% 231
\BOOKMARK [2][-]{subsection.56.2}{\376\377\000U\000n\000i\000f\000o\000r\000m\000\040\000c\000o\000n\000t\000i\000n\000u\000i\000t\000y}{section.56}% 232
\BOOKMARK [2][-]{subsection.56.3}{\376\377\000I\000n\000t\000e\000r\000m\000e\000d\000i\000a\000t\000e\000\040\000a\000n\000d\000\040\000e\000x\000t\000r\000e\000m\000e\000\040\000v\000a\000l\000u\000e\000\040\000t\000h\000e\000o\000r\000e\000m\000s}{section.56}% 233
\BOOKMARK [1][-]{section.57}{\376\377\000D\000i\000f\000f\000e\000r\000e\000n\000t\000i\000a\000b\000i\000l\000i\000t\000y}{part.9}% 234
\BOOKMARK [2][-]{subsection.57.1}{\376\377\000D\000e\000f\000i\000n\000i\000t\000i\000o\000n\000\040\000a\000n\000d\000\040\000b\000a\000s\000i\000c\000\040\000t\000h\000e\000o\000r\000e\000m\000s}{section.57}% 235
\BOOKMARK [2][-]{subsection.57.2}{\376\377\000M\000e\000a\000n\000\040\000v\000a\000l\000u\000e\000\040\000a\000n\000d\000\040\000R\000o\000l\000l\000e\000'\000s\000\040\000t\000h\000e\000o\000r\000e\000m\000s}{section.57}% 236
\BOOKMARK [2][-]{subsection.57.3}{\376\377\000T\000a\000y\000l\000o\000r\000'\000s\000\040\000t\000h\000e\000o\000r\000e\000m\000\040\000w\000i\000t\000h\000\040\000r\000e\000m\000a\000i\000n\000d\000e\000r}{section.57}% 237
\BOOKMARK [1][-]{section.58}{\376\377\000R\000i\000e\000m\000a\000n\000n\000\040\000I\000n\000t\000e\000g\000r\000a\000t\000i\000o\000n}{part.9}% 238
\BOOKMARK [2][-]{subsection.58.1}{\376\377\000D\000a\000r\000b\000o\000u\000x\000\040\000a\000n\000d\000\040\000R\000i\000e\000m\000a\000n\000n\000\040\000s\000u\000m\000s}{section.58}% 239
\BOOKMARK [2][-]{subsection.58.2}{\376\377\000I\000n\000t\000e\000g\000r\000a\000b\000i\000l\000i\000t\000y\000\040\000c\000r\000i\000t\000e\000r\000i\000a}{section.58}% 240
\BOOKMARK [2][-]{subsection.58.3}{\376\377\000F\000u\000n\000d\000a\000m\000e\000n\000t\000a\000l\000\040\000t\000h\000e\000o\000r\000e\000m\000,\000\040\000c\000h\000a\000n\000g\000e\000\040\000o\000f\000\040\000v\000a\000r\000i\000a\000b\000l\000e\000s}{section.58}% 241
\BOOKMARK [1][-]{section.59}{\376\377\000S\000e\000r\000i\000e\000s\000\040\000o\000f\000\040\000R\000e\000a\000l\000\040\000N\000u\000m\000b\000e\000r\000s}{part.9}% 242
\BOOKMARK [2][-]{subsection.59.1}{\376\377\000C\000o\000n\000v\000e\000r\000g\000e\000n\000c\000e\000\040\000t\000e\000s\000t\000s\000\040\000\050\000r\000i\000g\000o\000r\000o\000u\000s\000\051}{section.59}% 243
\BOOKMARK [2][-]{subsection.59.2}{\376\377\000A\000b\000s\000o\000l\000u\000t\000e\000\040\000a\000n\000d\000\040\000c\000o\000n\000d\000i\000t\000i\000o\000n\000a\000l\000\040\000c\000o\000n\000v\000e\000r\000g\000e\000n\000c\000e}{section.59}% 244
\BOOKMARK [2][-]{subsection.59.3}{\376\377\000U\000n\000i\000f\000o\000r\000m\000\040\000c\000o\000n\000v\000e\000r\000g\000e\000n\000c\000e\000\040\000o\000f\000\040\000f\000u\000n\000c\000t\000i\000o\000n\000\040\000s\000e\000r\000i\000e\000s}{section.59}% 245
\BOOKMARK [0][-]{part.10}{\376\377\000X\000\040\000P\000r\000o\000b\000a\000b\000i\000l\000i\000t\000y\000\040\000a\000n\000d\000\040\000S\000t\000a\000t\000i\000s\000t\000i\000c\000s}{}% 246
\BOOKMARK [1][-]{section.60}{\376\377\000P\000r\000o\000b\000a\000b\000i\000l\000i\000t\000y\000\040\000A\000x\000i\000o\000m\000s}{part.10}% 247
\BOOKMARK [2][-]{subsection.60.1}{\376\377\000S\000a\000m\000p\000l\000e\000\040\000s\000p\000a\000c\000e\000s\000,\000\040\000e\000v\000e\000n\000t\000s\000,\000\040\000s\000i\000g\000m\000a\000-\000a\000l\000g\000e\000b\000r\000a\000s}{section.60}% 248
\BOOKMARK [2][-]{subsection.60.2}{\376\377\000A\000x\000i\000o\000m\000s\000\040\000o\000f\000\040\000p\000r\000o\000b\000a\000b\000i\000l\000i\000t\000y}{section.60}% 249
\BOOKMARK [2][-]{subsection.60.3}{\376\377\000C\000o\000n\000d\000i\000t\000i\000o\000n\000a\000l\000\040\000p\000r\000o\000b\000a\000b\000i\000l\000i\000t\000y\000,\000\040\000i\000n\000d\000e\000p\000e\000n\000d\000e\000n\000c\000e}{section.60}% 250
\BOOKMARK [1][-]{section.61}{\376\377\000D\000i\000s\000c\000r\000e\000t\000e\000\040\000R\000a\000n\000d\000o\000m\000\040\000V\000a\000r\000i\000a\000b\000l\000e\000s}{part.10}% 251
\BOOKMARK [2][-]{subsection.61.1}{\376\377\000P\000M\000F\000,\000\040\000C\000D\000F\000,\000\040\000e\000x\000p\000e\000c\000t\000a\000t\000i\000o\000n\000,\000\040\000v\000a\000r\000i\000a\000n\000c\000e}{section.61}% 252
\BOOKMARK [2][-]{subsection.61.2}{\376\377\000B\000e\000r\000n\000o\000u\000l\000l\000i\000,\000\040\000B\000i\000n\000o\000m\000i\000a\000l\000,\000\040\000G\000e\000o\000m\000e\000t\000r\000i\000c\000,\000\040\000P\000o\000i\000s\000s\000o\000n}{section.61}% 253
\BOOKMARK [2][-]{subsection.61.3}{\376\377\000G\000e\000n\000e\000r\000a\000t\000i\000n\000g\000\040\000f\000u\000n\000c\000t\000i\000o\000n\000s\000\040\000\050\000P\000G\000F\000,\000\040\000M\000G\000F\000\051}{section.61}% 254
\BOOKMARK [1][-]{section.62}{\376\377\000C\000o\000n\000t\000i\000n\000u\000o\000u\000s\000\040\000R\000a\000n\000d\000o\000m\000\040\000V\000a\000r\000i\000a\000b\000l\000e\000s}{part.10}% 255
\BOOKMARK [2][-]{subsection.62.1}{\376\377\000P\000D\000F\000,\000\040\000C\000D\000F\000,\000\040\000q\000u\000a\000n\000t\000i\000l\000e\000s}{section.62}% 256
\BOOKMARK [2][-]{subsection.62.2}{\376\377\000U\000n\000i\000f\000o\000r\000m\000,\000\040\000E\000x\000p\000o\000n\000e\000n\000t\000i\000a\000l\000,\000\040\000G\000a\000m\000m\000a\000,\000\040\000N\000o\000r\000m\000a\000l}{section.62}% 257
\BOOKMARK [2][-]{subsection.62.3}{\376\377\000T\000r\000a\000n\000s\000f\000o\000r\000m\000a\000t\000i\000o\000n\000s\000\040\000a\000n\000d\000\040\000c\000h\000a\000n\000g\000e\000\040\000o\000f\000\040\000v\000a\000r\000i\000a\000b\000l\000e\000s}{section.62}% 258
\BOOKMARK [1][-]{section.63}{\376\377\000J\000o\000i\000n\000t\000\040\000D\000i\000s\000t\000r\000i\000b\000u\000t\000i\000o\000n\000s}{part.10}% 259
\BOOKMARK [2][-]{subsection.63.1}{\376\377\000J\000o\000i\000n\000t\000,\000\040\000m\000a\000r\000g\000i\000n\000a\000l\000,\000\040\000c\000o\000n\000d\000i\000t\000i\000o\000n\000a\000l\000\040\000d\000i\000s\000t\000r\000i\000b\000u\000t\000i\000o\000n\000s}{section.63}% 260
\BOOKMARK [2][-]{subsection.63.2}{\376\377\000C\000o\000v\000a\000r\000i\000a\000n\000c\000e\000\040\000a\000n\000d\000\040\000c\000o\000r\000r\000e\000l\000a\000t\000i\000o\000n}{section.63}% 261
\BOOKMARK [2][-]{subsection.63.3}{\376\377\000B\000i\000v\000a\000r\000i\000a\000t\000e\000\040\000n\000o\000r\000m\000a\000l\000\040\000d\000i\000s\000t\000r\000i\000b\000u\000t\000i\000o\000n}{section.63}% 262
\BOOKMARK [1][-]{section.64}{\376\377\000L\000i\000m\000i\000t\000\040\000T\000h\000e\000o\000r\000e\000m\000s}{part.10}% 263
\BOOKMARK [2][-]{subsection.64.1}{\376\377\000L\000a\000w\000\040\000o\000f\000\040\000l\000a\000r\000g\000e\000\040\000n\000u\000m\000b\000e\000r\000s}{section.64}% 264
\BOOKMARK [2][-]{subsection.64.2}{\376\377\000C\000e\000n\000t\000r\000a\000l\000\040\000l\000i\000m\000i\000t\000\040\000t\000h\000e\000o\000r\000e\000m}{section.64}% 265
\BOOKMARK [2][-]{subsection.64.3}{\376\377\000D\000e\000l\000t\000a\000\040\000m\000e\000t\000h\000o\000d}{section.64}% 266
\BOOKMARK [1][-]{section.65}{\376\377\000S\000t\000a\000t\000i\000s\000t\000i\000c\000a\000l\000\040\000I\000n\000f\000e\000r\000e\000n\000c\000e}{part.10}% 267
\BOOKMARK [2][-]{subsection.65.1}{\376\377\000P\000o\000i\000n\000t\000\040\000e\000s\000t\000i\000m\000a\000t\000i\000o\000n\000:\000\040\000M\000L\000E\000,\000\040\000M\000O\000M}{section.65}% 268
\BOOKMARK [2][-]{subsection.65.2}{\376\377\000C\000o\000n\000f\000i\000d\000e\000n\000c\000e\000\040\000i\000n\000t\000e\000r\000v\000a\000l\000s}{section.65}% 269
\BOOKMARK [2][-]{subsection.65.3}{\376\377\000H\000y\000p\000o\000t\000h\000e\000s\000i\000s\000\040\000t\000e\000s\000t\000i\000n\000g\000:\000\040\000z\000,\000\040\000t\000,\000\040\000c\000h\000i\000-\000s\000q\000u\000a\000r\000e\000d\000,\000\040\000F\000\040\000t\000e\000s\000t\000s}{section.65}% 270
\BOOKMARK [0][-]{part.11}{\376\377\000X\000I\000\040\000S\000t\000o\000c\000h\000a\000s\000t\000i\000c\000\040\000P\000r\000o\000c\000e\000s\000s\000e\000s}{}% 271
\BOOKMARK [1][-]{section.66}{\376\377\000D\000i\000s\000c\000r\000e\000t\000e\000-\000T\000i\000m\000e\000\040\000M\000a\000r\000k\000o\000v\000\040\000C\000h\000a\000i\000n\000s}{part.11}% 272
\BOOKMARK [2][-]{subsection.66.1}{\376\377\000T\000r\000a\000n\000s\000i\000t\000i\000o\000n\000\040\000m\000a\000t\000r\000i\000c\000e\000s\000\040\000a\000n\000d\000\040\000C\000h\000a\000p\000m\000a\000n\000-\000K\000o\000l\000m\000o\000g\000o\000r\000o\000v}{section.66}% 273
\BOOKMARK [2][-]{subsection.66.2}{\376\377\000C\000l\000a\000s\000s\000i\000f\000i\000c\000a\000t\000i\000o\000n\000\040\000o\000f\000\040\000s\000t\000a\000t\000e\000s\000:\000\040\000r\000e\000c\000u\000r\000r\000e\000n\000t\000,\000\040\000t\000r\000a\000n\000s\000i\000e\000n\000t}{section.66}% 274
\BOOKMARK [2][-]{subsection.66.3}{\376\377\000S\000t\000a\000t\000i\000o\000n\000a\000r\000y\000\040\000d\000i\000s\000t\000r\000i\000b\000u\000t\000i\000o\000n\000s\000\040\000a\000n\000d\000\040\000e\000r\000g\000o\000d\000i\000c\000i\000t\000y}{section.66}% 275
\BOOKMARK [1][-]{section.67}{\376\377\000P\000o\000i\000s\000s\000o\000n\000\040\000P\000r\000o\000c\000e\000s\000s\000e\000s}{part.11}% 276
\BOOKMARK [2][-]{subsection.67.1}{\376\377\000D\000e\000f\000i\000n\000i\000t\000i\000o\000n\000\040\000a\000n\000d\000\040\000p\000r\000o\000p\000e\000r\000t\000i\000e\000s}{section.67}% 277
\BOOKMARK [2][-]{subsection.67.2}{\376\377\000S\000u\000p\000e\000r\000p\000o\000s\000i\000t\000i\000o\000n\000,\000\040\000t\000h\000i\000n\000n\000i\000n\000g\000,\000\040\000c\000o\000l\000o\000u\000r\000i\000n\000g}{section.67}% 278
\BOOKMARK [2][-]{subsection.67.3}{\376\377\000C\000o\000m\000p\000o\000u\000n\000d\000\040\000P\000o\000i\000s\000s\000o\000n\000\040\000p\000r\000o\000c\000e\000s\000s}{section.67}% 279
\BOOKMARK [1][-]{section.68}{\376\377\000C\000o\000n\000t\000i\000n\000u\000o\000u\000s\000-\000T\000i\000m\000e\000\040\000M\000a\000r\000k\000o\000v\000\040\000C\000h\000a\000i\000n\000s}{part.11}% 280
\BOOKMARK [2][-]{subsection.68.1}{\376\377\000G\000e\000n\000e\000r\000a\000t\000o\000r\000\040\000m\000a\000t\000r\000i\000x\000\040\000a\000n\000d\000\040\000K\000o\000l\000m\000o\000g\000o\000r\000o\000v\000\040\000e\000q\000u\000a\000t\000i\000o\000n\000s}{section.68}% 281
\BOOKMARK [2][-]{subsection.68.2}{\376\377\000B\000i\000r\000t\000h\000-\000d\000e\000a\000t\000h\000\040\000p\000r\000o\000c\000e\000s\000s\000e\000s}{section.68}% 282
\BOOKMARK [2][-]{subsection.68.3}{\376\377\000E\000m\000b\000e\000d\000d\000e\000d\000\040\000c\000h\000a\000i\000n\000s\000\040\000a\000n\000d\000\040\000l\000i\000m\000i\000t\000i\000n\000g\000\040\000d\000i\000s\000t\000r\000i\000b\000u\000t\000i\000o\000n\000s}{section.68}% 283
\BOOKMARK [1][-]{section.69}{\376\377\000R\000e\000n\000e\000w\000a\000l\000\040\000T\000h\000e\000o\000r\000y}{part.11}% 284
\BOOKMARK [2][-]{subsection.69.1}{\376\377\000R\000e\000n\000e\000w\000a\000l\000\040\000e\000q\000u\000a\000t\000i\000o\000n\000\040\000a\000n\000d\000\040\000e\000l\000e\000m\000e\000n\000t\000a\000r\000y\000\040\000r\000e\000n\000e\000w\000a\000l\000\040\000t\000h\000e\000o\000r\000e\000m}{section.69}% 285
\BOOKMARK [2][-]{subsection.69.2}{\376\377\000A\000l\000t\000e\000r\000n\000a\000t\000i\000n\000g\000\040\000r\000e\000n\000e\000w\000a\000l\000\040\000p\000r\000o\000c\000e\000s\000s\000e\000s}{section.69}% 286
\BOOKMARK [2][-]{subsection.69.3}{\376\377\000R\000e\000n\000e\000w\000a\000l\000\040\000r\000e\000w\000a\000r\000d\000\040\000t\000h\000e\000o\000r\000e\000m}{section.69}% 287
\BOOKMARK [1][-]{section.70}{\376\377\000M\000a\000r\000t\000i\000n\000g\000a\000l\000e\000s}{part.11}% 288
\BOOKMARK [2][-]{subsection.70.1}{\376\377\000F\000i\000l\000t\000r\000a\000t\000i\000o\000n\000s\000\040\000a\000n\000d\000\040\000c\000o\000n\000d\000i\000t\000i\000o\000n\000a\000l\000\040\000e\000x\000p\000e\000c\000t\000a\000t\000i\000o\000n}{section.70}% 289
\BOOKMARK [2][-]{subsection.70.2}{\376\377\000O\000p\000t\000i\000o\000n\000a\000l\000\040\000s\000t\000o\000p\000p\000i\000n\000g\000\040\000t\000h\000e\000o\000r\000e\000m}{section.70}% 290
\BOOKMARK [2][-]{subsection.70.3}{\376\377\000M\000a\000r\000t\000i\000n\000g\000a\000l\000e\000\040\000c\000o\000n\000v\000e\000r\000g\000e\000n\000c\000e}{section.70}% 291
\BOOKMARK [1][-]{section.71}{\376\377\000B\000r\000o\000w\000n\000i\000a\000n\000\040\000M\000o\000t\000i\000o\000n}{part.11}% 292
\BOOKMARK [2][-]{subsection.71.1}{\376\377\000D\000e\000f\000i\000n\000i\000t\000i\000o\000n\000\040\000a\000n\000d\000\040\000b\000a\000s\000i\000c\000\040\000p\000r\000o\000p\000e\000r\000t\000i\000e\000s}{section.71}% 293
\BOOKMARK [2][-]{subsection.71.2}{\376\377\000R\000e\000f\000l\000e\000c\000t\000i\000o\000n\000\040\000p\000r\000i\000n\000c\000i\000p\000l\000e\000\040\000a\000n\000d\000\040\000f\000i\000r\000s\000t\000\040\000p\000a\000s\000s\000a\000g\000e}{section.71}% 294
\BOOKMARK [2][-]{subsection.71.3}{\376\377\000Q\000u\000a\000d\000r\000a\000t\000i\000c\000\040\000v\000a\000r\000i\000a\000t\000i\000o\000n}{section.71}% 295
\BOOKMARK [1][-]{section.72}{\376\377\000S\000t\000o\000c\000h\000a\000s\000t\000i\000c\000\040\000C\000a\000l\000c\000u\000l\000u\000s}{part.11}% 296
\BOOKMARK [2][-]{subsection.72.1}{\376\377\000I\000t\000o\000\040\000i\000n\000t\000e\000g\000r\000a\000l\000\040\000a\000n\000d\000\040\000I\000t\000o\000'\000s\000\040\000l\000e\000m\000m\000a}{section.72}% 297
\BOOKMARK [2][-]{subsection.72.2}{\376\377\000S\000t\000o\000c\000h\000a\000s\000t\000i\000c\000\040\000d\000i\000f\000f\000e\000r\000e\000n\000t\000i\000a\000l\000\040\000e\000q\000u\000a\000t\000i\000o\000n\000s}{section.72}% 298
\BOOKMARK [2][-]{subsection.72.3}{\376\377\000G\000i\000r\000s\000a\000n\000o\000v\000'\000s\000\040\000t\000h\000e\000o\000r\000e\000m\000\040\000\050\000i\000n\000t\000r\000o\000\051}{section.72}% 299
\BOOKMARK [0][-]{part.12}{\376\377\000X\000I\000I\000\040\000M\000a\000t\000h\000e\000m\000a\000t\000i\000c\000s\000\040\000f\000o\000r\000\040\000R\000e\000i\000n\000f\000o\000r\000c\000e\000m\000e\000n\000t\000\040\000L\000e\000a\000r\000n\000i\000n\000g}{}% 300
\BOOKMARK [1][-]{section.73}{\376\377\000D\000y\000n\000a\000m\000i\000c\000\040\000P\000r\000o\000g\000r\000a\000m\000m\000i\000n\000g}{part.12}% 301
\BOOKMARK [2][-]{subsection.73.1}{\376\377\000P\000r\000i\000n\000c\000i\000p\000l\000e\000\040\000o\000f\000\040\000o\000p\000t\000i\000m\000a\000l\000i\000t\000y}{section.73}% 302
\BOOKMARK [2][-]{subsection.73.2}{\376\377\000B\000e\000l\000l\000m\000a\000n\000\040\000e\000q\000u\000a\000t\000i\000o\000n\000\040\000\050\000d\000e\000t\000e\000r\000m\000i\000n\000i\000s\000t\000i\000c\000\051}{section.73}% 303
\BOOKMARK [2][-]{subsection.73.3}{\376\377\000V\000a\000l\000u\000e\000\040\000i\000t\000e\000r\000a\000t\000i\000o\000n\000\040\000a\000n\000d\000\040\000p\000o\000l\000i\000c\000y\000\040\000i\000t\000e\000r\000a\000t\000i\000o\000n}{section.73}% 304
\BOOKMARK [1][-]{section.74}{\376\377\000M\000a\000r\000k\000o\000v\000\040\000D\000e\000c\000i\000s\000i\000o\000n\000\040\000P\000r\000o\000c\000e\000s\000s\000e\000s}{part.12}% 305
\BOOKMARK [2][-]{subsection.74.1}{\376\377\000S\000t\000a\000t\000e\000,\000\040\000a\000c\000t\000i\000o\000n\000,\000\040\000r\000e\000w\000a\000r\000d\000,\000\040\000t\000r\000a\000n\000s\000i\000t\000i\000o\000n\000\040\000m\000o\000d\000e\000l}{section.74}% 306
\BOOKMARK [2][-]{subsection.74.2}{\376\377\000F\000i\000n\000i\000t\000e\000\040\000a\000n\000d\000\040\000i\000n\000f\000i\000n\000i\000t\000e\000\040\000h\000o\000r\000i\000z\000o\000n\000\040\000p\000r\000o\000b\000l\000e\000m\000s}{section.74}% 307
\BOOKMARK [2][-]{subsection.74.3}{\376\377\000D\000i\000s\000c\000o\000u\000n\000t\000e\000d\000\040\000a\000n\000d\000\040\000a\000v\000e\000r\000a\000g\000e\000\040\000r\000e\000w\000a\000r\000d\000\040\000c\000r\000i\000t\000e\000r\000i\000a}{section.74}% 308
\BOOKMARK [1][-]{section.75}{\376\377\000V\000a\000l\000u\000e\000\040\000F\000u\000n\000c\000t\000i\000o\000n\000s\000\040\000a\000n\000d\000\040\000P\000o\000l\000i\000c\000i\000e\000s}{part.12}% 309
\BOOKMARK [2][-]{subsection.75.1}{\376\377\000S\000t\000a\000t\000e\000-\000v\000a\000l\000u\000e\000\040\000a\000n\000d\000\040\000a\000c\000t\000i\000o\000n\000-\000v\000a\000l\000u\000e\000\040\000f\000u\000n\000c\000t\000i\000o\000n\000s}{section.75}% 310
\BOOKMARK [2][-]{subsection.75.2}{\376\377\000O\000p\000t\000i\000m\000a\000l\000\040\000B\000e\000l\000l\000m\000a\000n\000\040\000e\000q\000u\000a\000t\000i\000o\000n\000s}{section.75}% 311
\BOOKMARK [2][-]{subsection.75.3}{\376\377\000F\000i\000x\000e\000d\000-\000p\000o\000i\000n\000t\000\040\000c\000h\000a\000r\000a\000c\000t\000e\000r\000i\000s\000a\000t\000i\000o\000n}{section.75}% 312
\BOOKMARK [1][-]{section.76}{\376\377\000O\000p\000t\000i\000m\000i\000s\000a\000t\000i\000o\000n\000\040\000f\000o\000r\000\040\000R\000L}{part.12}% 313
\BOOKMARK [2][-]{subsection.76.1}{\376\377\000C\000o\000n\000v\000e\000x\000\040\000o\000p\000t\000i\000m\000i\000s\000a\000t\000i\000o\000n\000\040\000b\000a\000s\000i\000c\000s}{section.76}% 314
\BOOKMARK [2][-]{subsection.76.2}{\376\377\000G\000r\000a\000d\000i\000e\000n\000t\000\040\000d\000e\000s\000c\000e\000n\000t\000\040\000a\000n\000d\000\040\000p\000r\000o\000j\000e\000c\000t\000e\000d\000\040\000g\000r\000a\000d\000i\000e\000n\000t}{section.76}% 315
\BOOKMARK [2][-]{subsection.76.3}{\376\377\000S\000t\000o\000c\000h\000a\000s\000t\000i\000c\000\040\000a\000p\000p\000r\000o\000x\000i\000m\000a\000t\000i\000o\000n\000\040\000a\000n\000d\000\040\000S\000G\000D}{section.76}% 316
\BOOKMARK [1][-]{section.77}{\376\377\000F\000u\000n\000c\000t\000i\000o\000n\000\040\000A\000p\000p\000r\000o\000x\000i\000m\000a\000t\000i\000o\000n}{part.12}% 317
\BOOKMARK [2][-]{subsection.77.1}{\376\377\000L\000i\000n\000e\000a\000r\000\040\000f\000u\000n\000c\000t\000i\000o\000n\000\040\000a\000p\000p\000r\000o\000x\000i\000m\000a\000t\000i\000o\000n}{section.77}% 318
\BOOKMARK [2][-]{subsection.77.2}{\376\377\000P\000r\000o\000j\000e\000c\000t\000e\000d\000\040\000B\000e\000l\000l\000m\000a\000n\000\040\000e\000q\000u\000a\000t\000i\000o\000n}{section.77}% 319
\BOOKMARK [2][-]{subsection.77.3}{\376\377\000C\000o\000n\000v\000e\000r\000g\000e\000n\000c\000e\000\040\000t\000h\000e\000o\000r\000y\000\040\000a\000n\000d\000\040\000s\000t\000a\000b\000i\000l\000i\000t\000y}{section.77}% 320
\BOOKMARK [1][-]{section.78}{\376\377\000T\000h\000e\000o\000r\000e\000t\000i\000c\000a\000l\000\040\000R\000L\000\040\000R\000e\000s\000u\000l\000t\000s}{part.12}% 321
\BOOKMARK [2][-]{subsection.78.1}{\376\377\000P\000A\000C\000\040\000l\000e\000a\000r\000n\000i\000n\000g\000\040\000a\000n\000d\000\040\000s\000a\000m\000p\000l\000e\000\040\000c\000o\000m\000p\000l\000e\000x\000i\000t\000y}{section.78}% 322
\BOOKMARK [2][-]{subsection.78.2}{\376\377\000R\000e\000g\000r\000e\000t\000\040\000b\000o\000u\000n\000d\000s\000\040\000a\000n\000d\000\040\000o\000n\000l\000i\000n\000e\000\040\000l\000e\000a\000r\000n\000i\000n\000g}{section.78}% 323
\BOOKMARK [2][-]{subsection.78.3}{\376\377\000P\000o\000l\000i\000c\000y\000\040\000g\000r\000a\000d\000i\000e\000n\000t\000\040\000t\000h\000e\000o\000r\000e\000m\000s}{section.78}% 324
\BOOKMARK [0][-]{part.13}{\376\377\000X\000I\000I\000I\000\040\000Q\000u\000a\000n\000t\000u\000m\000\040\000C\000o\000m\000p\000u\000t\000i\000n\000g}{}% 325
